[2026-03-19 19:13:48] ERROR: PostgreSQL connection failed: 
[2026-03-19 19:14:16] ERROR: PostgreSQL connection failed: 
[2026-03-19 21:09:26] INFO: PostgreSQL connected successfully 
[2026-03-19 21:13:00] INFO: PostgreSQL connected successfully 
[2026-03-19 21:13:40] INFO: PostgreSQL connected successfully 
[2026-03-19 21:13:40] INFO: POLOPS Server running on port 5001 [undefined] 
[2026-03-19 21:13:40] INFO: Redis connected successfully 
[2026-03-19 21:23:02] INFO: PostgreSQL connected successfully 
[2026-03-19 21:23:02] INFO: POLOPS Server running on port 5001 [undefined] 
[2026-03-19 21:23:02] INFO: Redis connected successfully 
[2026-03-19 21:24:55] INFO: PostgreSQL connected successfully 
[2026-03-19 21:24:55] INFO: POLOPS Server running on port 5001 [undefined] 
[2026-03-19 21:24:55] INFO: Redis connected successfully 
[2026-03-19 21:25:12] INFO: PostgreSQL connected successfully 
[2026-03-19 21:25:12] INFO: POLOPS Server running on port 8001 [undefined] 
[2026-03-19 21:25:12] INFO: Redis connected successfully 
[2026-03-19 21:31:30] INFO: PostgreSQL connected successfully 
[2026-03-19 21:31:30] INFO: POLOPS Server running on port 8001 [development] 
[2026-03-19 21:31:30] INFO: Redis connected successfully 
[2026-03-19 21:35:35] INFO: PostgreSQL connected successfully 
[2026-03-19 21:35:35] INFO: POLOPS Server running on port 8001 [development] 
[2026-03-19 21:35:35] INFO: Redis connected successfully 
[2026-03-19 21:36:08] DEBUG: Query executed {"text":"SELECT * FROM officers WHERE email = $1","duration":24,"rows":1}
[2026-03-19 21:36:08] DEBUG: Query executed {"text":"SELECT id, badge_number, name, rank, role, sector, status FROM officers WHERE id = $1","duration":1,"rows":1}
[2026-03-19 21:36:08] DEBUG: Query executed {"text":"SELECT id, badge_number, name, rank, role, sector, status FROM officers WHERE id = $1","duration":3,"rows":1}
[2026-03-19 21:36:08] DEBUG: Query executed {"text":"SELECT id, badge_number, name, rank, role, sector, status FROM officers WHERE id = $1","duration":7,"rows":1}
[2026-03-19 21:36:08] DEBUG: Query executed {"text":"SELECT id, badge_number, name, rank, role, sector, status FROM officers WHERE id = $1","duration":7,"rows":1}
[2026-03-19 21:36:08] DEBUG: Query executed {"text":"\n      SELECT \n        COUNT(*) FILTER (WHERE status = 'on_duty') AS on_duty,\n        COUNT(*) FILTER (WHERE status = 'available') AS available,\n        COUNT(*) FILTER (WHERE status = 'on_leave') AS on_leave,\n        COUNT(*) FILTER (WHERE status = 'sick') AS sick,\n        COUNT(*) AS total\n      FROM officers\n    ","duration":17,"rows":1}
[2026-03-19 21:36:08] DEBUG: Query executed {"text":"\n      SELECT a.*, o.name AS raised_by_name, o.badge_number AS raised_by_badge,\n        op.name AS operation_name\n      FROM alerts a\n      LEFT JOIN officers o ON a.raised_by = o.id\n      LEFT JOIN operations op ON a.operation_id = op.id\n      WHERE 1=1\n     AND a.is_resolved = $1 ORDER BY a.created_at DESC LIMIT 50","duration":29,"rows":0}
[2026-03-19 21:36:08] DEBUG: Query executed {"text":"\n      SELECT o.*, \n        co.name AS commanding_officer_name, co.rank AS commanding_officer_rank,\n        COUNT(a.id) AS assigned_officers\n      FROM operations o\n      LEFT JOIN officers co ON o.commanding_officer_id = co.id\n      LEFT JOIN assignments a ON o.id = a.operation_id\n      WHERE 1=1\n     AND o.status = $1 GROUP BY o.id, co.name, co.rank ORDER BY o.created_at DESC LIMIT $2 OFFSET $3","duration":36,"rows":0}
[2026-03-19 21:36:08] DEBUG: Query executed {"text":"SELECT COUNT(*) FROM operations WHERE 1=1","duration":1,"rows":1}
[2026-03-19 21:36:17] DEBUG: Query executed {"text":"SELECT id, badge_number, name, rank, role, sector, status FROM officers WHERE id = $1","duration":1,"rows":1}
[2026-03-19 21:36:17] DEBUG: Query executed {"text":"\n      SELECT a.*, o.name AS raised_by_name, o.badge_number AS raised_by_badge,\n        op.name AS operation_name\n      FROM alerts a\n      LEFT JOIN officers o ON a.raised_by = o.id\n      LEFT JOIN operations op ON a.operation_id = op.id\n      WHERE 1=1\n     ORDER BY a.created_at DESC LIMIT 50","duration":2,"rows":0}
[2026-03-19 21:36:34] DEBUG: Query executed {"text":"SELECT id, badge_number, name, rank, role, sector, status FROM officers WHERE id = $1","duration":1,"rows":1}
[2026-03-19 21:36:34] DEBUG: Query executed {"text":"\n      INSERT INTO alerts (incident_code, title, description, severity, location, sector, operation_id, raised_by)\n      VALUES ($1, $2, $3, $4, $5, $6, $7, $8)\n      RETURNING *\n    ","duration":15,"rows":1}
[2026-03-19 21:36:40] DEBUG: Query executed {"text":"SELECT id, badge_number, name, rank, role, sector, status FROM officers WHERE id = $1","duration":2,"rows":1}
[2026-03-19 21:36:40] DEBUG: Query executed {"text":"\n      UPDATE alerts \n      SET is_resolved = TRUE, resolved_by = $1, resolved_at = NOW()\n      WHERE id = $2\n      RETURNING *\n    ","duration":3,"rows":1}
[2026-03-19 21:36:43] DEBUG: Query executed {"text":"SELECT id, badge_number, name, rank, role, sector, status FROM officers WHERE id = $1","duration":0,"rows":1}
[2026-03-19 21:36:43] DEBUG: Query executed {"text":"\n      SELECT o.*, \n        co.name AS commanding_officer_name, co.rank AS commanding_officer_rank,\n        COUNT(a.id) AS assigned_officers\n      FROM operations o\n      LEFT JOIN officers co ON o.commanding_officer_id = co.id\n      LEFT JOIN assignments a ON o.id = a.operation_id\n      WHERE 1=1\n     GROUP BY o.id, co.name, co.rank ORDER BY o.created_at DESC LIMIT $1 OFFSET $2","duration":0,"rows":0}
[2026-03-19 21:36:43] DEBUG: Query executed {"text":"SELECT COUNT(*) FROM operations WHERE 1=1","duration":1,"rows":1}
[2026-03-19 21:36:47] DEBUG: Query executed {"text":"SELECT id, badge_number, name, rank, role, sector, status FROM officers WHERE id = $1","duration":6,"rows":1}
[2026-03-19 21:36:47] DEBUG: Query executed {"text":"\n      SELECT o.*, \n        co.name AS commanding_officer_name, co.rank AS commanding_officer_rank,\n        COUNT(a.id) AS assigned_officers\n      FROM operations o\n      LEFT JOIN officers co ON o.commanding_officer_id = co.id\n      LEFT JOIN assignments a ON o.id = a.operation_id\n      WHERE 1=1\n     AND o.status = $1 GROUP BY o.id, co.name, co.rank ORDER BY o.created_at DESC LIMIT $2 OFFSET $3","duration":4,"rows":0}
[2026-03-19 21:36:47] DEBUG: Query executed {"text":"SELECT COUNT(*) FROM operations WHERE 1=1","duration":1,"rows":1}
[2026-03-19 21:36:47] DEBUG: Query executed {"text":"SELECT id, badge_number, name, rank, role, sector, status FROM officers WHERE id = $1","duration":20,"rows":1}
[2026-03-19 21:36:47] DEBUG: Query executed {"text":"SELECT id, badge_number, name, rank, role, sector, status FROM officers WHERE id = $1","duration":17,"rows":1}
[2026-03-19 21:36:47] DEBUG: Query executed {"text":"SELECT id, badge_number, name, rank, role, sector, status FROM officers WHERE id = $1","duration":23,"rows":1}
[2026-03-19 21:36:47] DEBUG: Query executed {"text":"SELECT id, badge_number, name, rank, role, sector, status FROM officers WHERE id = $1","duration":20,"rows":1}
[2026-03-19 21:36:47] DEBUG: Query executed {"text":"SELECT id, badge_number, name, rank, role, sector, status FROM officers WHERE id = $1","duration":17,"rows":1}
[2026-03-19 21:36:47] DEBUG: Query executed {"text":"\n      SELECT \n        COUNT(*) FILTER (WHERE status = 'on_duty') AS on_duty,\n        COUNT(*) FILTER (WHERE status = 'available') AS available,\n        COUNT(*) FILTER (WHERE status = 'on_leave') AS on_leave,\n        COUNT(*) FILTER (WHERE status = 'sick') AS sick,\n        COUNT(*) AS total\n      FROM officers\n    ","duration":2,"rows":1}
[2026-03-19 21:36:47] DEBUG: Query executed {"text":"\n      SELECT \n        COUNT(*) FILTER (WHERE status = 'on_duty') AS on_duty,\n        COUNT(*) FILTER (WHERE status = 'available') AS available,\n        COUNT(*) FILTER (WHERE status = 'on_leave') AS on_leave,\n        COUNT(*) FILTER (WHERE status = 'sick') AS sick,\n        COUNT(*) AS total\n      FROM officers\n    ","duration":1,"rows":1}
[2026-03-19 21:36:47] DEBUG: Query executed {"text":"\n      SELECT a.*, o.name AS raised_by_name, o.badge_number AS raised_by_badge,\n        op.name AS operation_name\n      FROM alerts a\n      LEFT JOIN officers o ON a.raised_by = o.id\n      LEFT JOIN operations op ON a.operation_id = op.id\n      WHERE 1=1\n     AND a.is_resolved = $1 ORDER BY a.created_at DESC LIMIT 50","duration":4,"rows":0}
[2026-03-19 21:36:47] DEBUG: Query executed {"text":"\n      SELECT a.*, o.name AS raised_by_name, o.badge_number AS raised_by_badge,\n        op.name AS operation_name\n      FROM alerts a\n      LEFT JOIN officers o ON a.raised_by = o.id\n      LEFT JOIN operations op ON a.operation_id = op.id\n      WHERE 1=1\n     AND a.is_resolved = $1 ORDER BY a.created_at DESC LIMIT 50","duration":5,"rows":0}
[2026-03-19 21:36:47] DEBUG: Query executed {"text":"\n      SELECT o.*, \n        co.name AS commanding_officer_name, co.rank AS commanding_officer_rank,\n        COUNT(a.id) AS assigned_officers\n      FROM operations o\n      LEFT JOIN officers co ON o.commanding_officer_id = co.id\n      LEFT JOIN assignments a ON o.id = a.operation_id\n      WHERE 1=1\n     AND o.status = $1 GROUP BY o.id, co.name, co.rank ORDER BY o.created_at DESC LIMIT $2 OFFSET $3","duration":6,"rows":0}
[2026-03-19 21:36:47] DEBUG: Query executed {"text":"SELECT COUNT(*) FROM operations WHERE 1=1","duration":0,"rows":1}
[2026-03-19 21:36:52] DEBUG: Query executed {"text":"SELECT id, badge_number, name, rank, role, sector, status FROM officers WHERE id = $1","duration":1,"rows":1}
[2026-03-19 21:36:52] DEBUG: Query executed {"text":"\n      SELECT o.*, \n        co.name AS commanding_officer_name, co.rank AS commanding_officer_rank,\n        COUNT(a.id) AS assigned_officers\n      FROM operations o\n      LEFT JOIN officers co ON o.commanding_officer_id = co.id\n      LEFT JOIN assignments a ON o.id = a.operation_id\n      WHERE 1=1\n     AND o.type = $1 GROUP BY o.id, co.name, co.rank ORDER BY o.created_at DESC LIMIT $2 OFFSET $3","duration":2,"rows":0}
[2026-03-19 21:36:52] DEBUG: Query executed {"text":"SELECT COUNT(*) FROM operations WHERE 1=1","duration":0,"rows":1}
[2026-03-19 21:36:53] DEBUG: Query executed {"text":"SELECT id, badge_number, name, rank, role, sector, status FROM officers WHERE id = $1","duration":2,"rows":1}
[2026-03-19 21:36:53] DEBUG: Query executed {"text":"\n      SELECT o.*, \n        co.name AS commanding_officer_name, co.rank AS commanding_officer_rank,\n        COUNT(a.id) AS assigned_officers\n      FROM operations o\n      LEFT JOIN officers co ON o.commanding_officer_id = co.id\n      LEFT JOIN assignments a ON o.id = a.operation_id\n      WHERE 1=1\n     AND o.type = $1 GROUP BY o.id, co.name, co.rank ORDER BY o.created_at DESC LIMIT $2 OFFSET $3","duration":3,"rows":0}
[2026-03-19 21:36:53] DEBUG: Query executed {"text":"SELECT COUNT(*) FROM operations WHERE 1=1","duration":1,"rows":1}
[2026-03-19 21:36:55] DEBUG: Query executed {"text":"SELECT id, badge_number, name, rank, role, sector, status FROM officers WHERE id = $1","duration":3,"rows":1}
[2026-03-19 21:36:55] DEBUG: Query executed {"text":"SELECT id, badge_number, name, rank, role, sector, status FROM officers WHERE id = $1","duration":2,"rows":1}
[2026-03-19 21:36:55] DEBUG: Query executed {"text":"SELECT id, badge_number, name, rank, role, sector, phone, email, status, created_at FROM officers WHERE 1=1 ORDER BY name ASC","duration":0,"rows":1}
[2026-03-19 21:36:55] DEBUG: Query executed {"text":"SELECT id, badge_number, name, rank, role, sector, status FROM officers WHERE id = $1","duration":2,"rows":1}
[2026-03-19 21:36:55] DEBUG: Query executed {"text":"\n      SELECT \n        COUNT(*) FILTER (WHERE status = 'on_duty') AS on_duty,\n        COUNT(*) FILTER (WHERE status = 'available') AS available,\n        COUNT(*) FILTER (WHERE status = 'on_leave') AS on_leave,\n        COUNT(*) FILTER (WHERE status = 'sick') AS sick,\n        COUNT(*) AS total\n      FROM officers\n    ","duration":1,"rows":1}
[2026-03-19 21:36:55] DEBUG: Query executed {"text":"\n      SELECT \n        COUNT(*) FILTER (WHERE status = 'on_duty') AS on_duty,\n        COUNT(*) FILTER (WHERE status = 'available') AS available,\n        COUNT(*) FILTER (WHERE status = 'on_leave') AS on_leave,\n        COUNT(*) FILTER (WHERE status = 'sick') AS sick,\n        COUNT(*) AS total\n      FROM officers\n    ","duration":2,"rows":1}
[2026-03-19 21:36:58] DEBUG: Query executed {"text":"SELECT id, badge_number, name, rank, role, sector, status FROM officers WHERE id = $1","duration":4,"rows":1}
[2026-03-19 21:36:58] DEBUG: Query executed {"text":"SELECT id, badge_number, name, rank, role, sector, status FROM officers WHERE id = $1","duration":2,"rows":1}
[2026-03-19 21:36:58] DEBUG: Query executed {"text":"SELECT id, badge_number, name, rank, role, sector, status FROM officers WHERE id = $1","duration":2,"rows":1}
[2026-03-19 21:36:58] DEBUG: Query executed {"text":"\n      SELECT o.*, \n        co.name AS commanding_officer_name, co.rank AS commanding_officer_rank,\n        COUNT(a.id) AS assigned_officers\n      FROM operations o\n      LEFT JOIN officers co ON o.commanding_officer_id = co.id\n      LEFT JOIN assignments a ON o.id = a.operation_id\n      WHERE 1=1\n     AND o.status = $1 GROUP BY o.id, co.name, co.rank ORDER BY o.created_at DESC LIMIT $2 OFFSET $3","duration":0,"rows":0}
[2026-03-19 21:36:58] DEBUG: Query executed {"text":"SELECT COUNT(*) FROM operations WHERE 1=1","duration":0,"rows":1}
[2026-03-19 21:36:58] DEBUG: Query executed {"text":"\n      SELECT o.*, \n        co.name AS commanding_officer_name, co.rank AS commanding_officer_rank,\n        COUNT(a.id) AS assigned_officers\n      FROM operations o\n      LEFT JOIN officers co ON o.commanding_officer_id = co.id\n      LEFT JOIN assignments a ON o.id = a.operation_id\n      WHERE 1=1\n     AND o.status = $1 GROUP BY o.id, co.name, co.rank ORDER BY o.created_at DESC LIMIT $2 OFFSET $3","duration":3,"rows":0}
[2026-03-19 21:36:58] DEBUG: Query executed {"text":"\n      SELECT r.*, o.op_code, o.name AS operation_name, o.type AS operation_type,\n        o.start_time, o.actual_end_time,\n        sub.name AS submitted_by_name\n      FROM reports r\n      JOIN operations o ON r.operation_id = o.id\n      LEFT JOIN officers sub ON r.submitted_by = sub.id\n      ORDER BY r.submitted_at DESC\n    ","duration":3,"rows":0}
[2026-03-19 21:36:58] DEBUG: Query executed {"text":"SELECT COUNT(*) FROM operations WHERE 1=1","duration":2,"rows":1}
[2026-03-19 21:37:02] DEBUG: Query executed {"text":"SELECT id, badge_number, name, rank, role, sector, status FROM officers WHERE id = $1","duration":1,"rows":1}
[2026-03-19 21:37:02] DEBUG: Query executed {"text":"\n      SELECT o.*, \n        co.name AS commanding_officer_name, co.rank AS commanding_officer_rank,\n        COUNT(a.id) AS assigned_officers\n      FROM operations o\n      LEFT JOIN officers co ON o.commanding_officer_id = co.id\n      LEFT JOIN assignments a ON o.id = a.operation_id\n      WHERE 1=1\n     AND o.status = $1 GROUP BY o.id, co.name, co.rank ORDER BY o.created_at DESC LIMIT $2 OFFSET $3","duration":2,"rows":0}
[2026-03-19 21:37:02] DEBUG: Query executed {"text":"SELECT COUNT(*) FROM operations WHERE 1=1","duration":2,"rows":1}
[2026-03-19 21:37:02] DEBUG: Query executed {"text":"SELECT id, badge_number, name, rank, role, sector, status FROM officers WHERE id = $1","duration":3,"rows":1}
[2026-03-19 21:37:02] DEBUG: Query executed {"text":"SELECT id, badge_number, name, rank, role, sector, status FROM officers WHERE id = $1","duration":3,"rows":1}
[2026-03-19 21:37:02] DEBUG: Query executed {"text":"SELECT id, badge_number, name, rank, role, sector, status FROM officers WHERE id = $1","duration":2,"rows":1}
[2026-03-19 21:37:02] DEBUG: Query executed {"text":"\n      SELECT \n        COUNT(*) FILTER (WHERE status = 'on_duty') AS on_duty,\n        COUNT(*) FILTER (WHERE status = 'available') AS available,\n        COUNT(*) FILTER (WHERE status = 'on_leave') AS on_leave,\n        COUNT(*) FILTER (WHERE status = 'sick') AS sick,\n        COUNT(*) AS total\n      FROM officers\n    ","duration":1,"rows":1}
[2026-03-19 21:37:02] DEBUG: Query executed {"text":"SELECT id, badge_number, name, rank, role, sector, status FROM officers WHERE id = $1","duration":3,"rows":1}
[2026-03-19 21:37:02] DEBUG: Query executed {"text":"\n      SELECT a.*, o.name AS raised_by_name, o.badge_number AS raised_by_badge,\n        op.name AS operation_name\n      FROM alerts a\n      LEFT JOIN officers o ON a.raised_by = o.id\n      LEFT JOIN operations op ON a.operation_id = op.id\n      WHERE 1=1\n     AND a.is_resolved = $1 ORDER BY a.created_at DESC LIMIT 50","duration":2,"rows":0}
[2026-03-19 21:37:02] DEBUG: Query executed {"text":"SELECT id, badge_number, name, rank, role, sector, status FROM officers WHERE id = $1","duration":1,"rows":1}
[2026-03-19 21:37:02] DEBUG: Query executed {"text":"\n      SELECT o.*, \n        co.name AS commanding_officer_name, co.rank AS commanding_officer_rank,\n        COUNT(a.id) AS assigned_officers\n      FROM operations o\n      LEFT JOIN officers co ON o.commanding_officer_id = co.id\n      LEFT JOIN assignments a ON o.id = a.operation_id\n      WHERE 1=1\n     AND o.status = $1 GROUP BY o.id, co.name, co.rank ORDER BY o.created_at DESC LIMIT $2 OFFSET $3","duration":2,"rows":0}
[2026-03-19 21:37:02] DEBUG: Query executed {"text":"\n      SELECT \n        COUNT(*) FILTER (WHERE status = 'on_duty') AS on_duty,\n        COUNT(*) FILTER (WHERE status = 'available') AS available,\n        COUNT(*) FILTER (WHERE status = 'on_leave') AS on_leave,\n        COUNT(*) FILTER (WHERE status = 'sick') AS sick,\n        COUNT(*) AS total\n      FROM officers\n    ","duration":0,"rows":1}
[2026-03-19 21:37:02] DEBUG: Query executed {"text":"SELECT COUNT(*) FROM operations WHERE 1=1","duration":1,"rows":1}
[2026-03-19 21:37:02] DEBUG: Query executed {"text":"\n      SELECT a.*, o.name AS raised_by_name, o.badge_number AS raised_by_badge,\n        op.name AS operation_name\n      FROM alerts a\n      LEFT JOIN officers o ON a.raised_by = o.id\n      LEFT JOIN operations op ON a.operation_id = op.id\n      WHERE 1=1\n     AND a.is_resolved = $1 ORDER BY a.created_at DESC LIMIT 50","duration":2,"rows":0}
